{"C:\\Users\\gabry\\Documents\\GitHub\\alura-cursos\\formações\\formacao_node_autenticacao_e_testes\\index.js": {"path":"C:\\Users\\gabry\\Documents\\GitHub\\alura-cursos\\formações\\formacao_node_autenticacao_e_testes\\index.js","statementMap":{"0":{"start":{"line":1,"column":22},"end":{"line":1,"column":61}},"1":{"start":{"line":1,"column":44},"end":{"line":1,"column":61}},"2":{"start":{"line":2,"column":21},"end":{"line":2,"column":56}},"3":{"start":{"line":2,"column":41},"end":{"line":2,"column":56}}},"fnMap":{"0":{"name":"(anonymous_0)","decl":{"start":{"line":1,"column":22},"end":{"line":1,"column":23}},"loc":{"start":{"line":1,"column":44},"end":{"line":1,"column":61}},"line":1},"1":{"name":"(anonymous_1)","decl":{"start":{"line":2,"column":21},"end":{"line":2,"column":22}},"loc":{"start":{"line":2,"column":41},"end":{"line":2,"column":56}},"line":2}},"branchMap":{},"s":{"0":1,"1":1,"2":1,"3":1},"f":{"0":1,"1":1},"b":{},"_coverageSchema":"1a1c01bbd47fc00a2c39e90264f33305004495a9","hash":"5d5c632750c204e97a47abd1ce52b62a43208846"}
,"C:\\Users\\gabry\\Documents\\GitHub\\alura-cursos\\formações\\formacao_node_autenticacao_e_testes\\carrinho\\carrinho.js": {"path":"C:\\Users\\gabry\\Documents\\GitHub\\alura-cursos\\formações\\formacao_node_autenticacao_e_testes\\carrinho\\carrinho.js","statementMap":{"0":{"start":{"line":3,"column":4},"end":{"line":3,"column":20}},"1":{"start":{"line":4,"column":4},"end":{"line":4,"column":25}},"2":{"start":{"line":5,"column":4},"end":{"line":5,"column":22}},"3":{"start":{"line":6,"column":4},"end":{"line":6,"column":22}},"4":{"start":{"line":10,"column":4},"end":{"line":10,"column":26}},"5":{"start":{"line":14,"column":4},"end":{"line":14,"column":23}},"6":{"start":{"line":18,"column":4},"end":{"line":21,"column":6}},"7":{"start":{"line":19,"column":22},"end":{"line":19,"column":54}},"8":{"start":{"line":22,"column":4},"end":{"line":22,"column":38}},"9":{"start":{"line":26,"column":4},"end":{"line":28,"column":5}},"10":{"start":{"line":27,"column":6},"end":{"line":27,"column":51}},"11":{"start":{"line":30,"column":4},"end":{"line":30,"column":37}},"12":{"start":{"line":32,"column":4},"end":{"line":36,"column":6}}},"fnMap":{"0":{"name":"(anonymous_0)","decl":{"start":{"line":2,"column":2},"end":{"line":2,"column":3}},"loc":{"start":{"line":2,"column":16},"end":{"line":7,"column":3}},"line":2},"1":{"name":"(anonymous_1)","decl":{"start":{"line":9,"column":2},"end":{"line":9,"column":3}},"loc":{"start":{"line":9,"column":17},"end":{"line":11,"column":3}},"line":9},"2":{"name":"(anonymous_2)","decl":{"start":{"line":13,"column":2},"end":{"line":13,"column":3}},"loc":{"start":{"line":13,"column":23},"end":{"line":15,"column":3}},"line":13},"3":{"name":"(anonymous_3)","decl":{"start":{"line":17,"column":2},"end":{"line":17,"column":3}},"loc":{"start":{"line":17,"column":17},"end":{"line":23,"column":3}},"line":17},"4":{"name":"(anonymous_4)","decl":{"start":{"line":19,"column":6},"end":{"line":19,"column":7}},"loc":{"start":{"line":19,"column":22},"end":{"line":19,"column":54}},"line":19},"5":{"name":"(anonymous_5)","decl":{"start":{"line":25,"column":2},"end":{"line":25,"column":3}},"loc":{"start":{"line":25,"column":19},"end":{"line":37,"column":3}},"line":25}},"branchMap":{"0":{"loc":{"start":{"line":26,"column":4},"end":{"line":28,"column":5}},"type":"if","locations":[{"start":{"line":26,"column":4},"end":{"line":28,"column":5}},{"start":{},"end":{}}],"line":26}},"s":{"0":6,"1":6,"2":6,"3":6,"4":4,"5":2,"6":2,"7":4,"8":2,"9":3,"10":1,"11":2,"12":2},"f":{"0":6,"1":4,"2":2,"3":2,"4":4,"5":3},"b":{"0":[1,2]},"_coverageSchema":"1a1c01bbd47fc00a2c39e90264f33305004495a9","hash":"2ea576636013a2a80bb5e541f76aa95fad2bf339"}
,"C:\\Users\\gabry\\Documents\\GitHub\\alura-cursos\\formações\\formacao_node_autenticacao_e_testes\\carrinho\\item.js": {"path":"C:\\Users\\gabry\\Documents\\GitHub\\alura-cursos\\formações\\formacao_node_autenticacao_e_testes\\carrinho\\item.js","statementMap":{"0":{"start":{"line":3,"column":4},"end":{"line":3,"column":21}},"1":{"start":{"line":4,"column":4},"end":{"line":4,"column":23}},"2":{"start":{"line":5,"column":4},"end":{"line":5,"column":33}},"3":{"start":{"line":9,"column":4},"end":{"line":9,"column":40}}},"fnMap":{"0":{"name":"(anonymous_0)","decl":{"start":{"line":2,"column":2},"end":{"line":2,"column":3}},"loc":{"start":{"line":2,"column":39},"end":{"line":6,"column":3}},"line":2},"1":{"name":"(anonymous_1)","decl":{"start":{"line":8,"column":2},"end":{"line":8,"column":3}},"loc":{"start":{"line":8,"column":23},"end":{"line":10,"column":3}},"line":8}},"branchMap":{},"s":{"0":6,"1":6,"2":6,"3":5},"f":{"0":6,"1":5},"b":{},"_coverageSchema":"1a1c01bbd47fc00a2c39e90264f33305004495a9","hash":"e481e0567203fb72206da286fb8d54b5b0c42cce"}
}
